<?xml version="1.0" encoding="UTF-8"?>
<!-- Generated by org.testng.reporters.JUnitXMLReporter -->
<testsuite ignored="1" hostname="DESKTOP-BVNN85Q" failures="0" tests="1" name="NetBanking" time="0.004" errors="0" timestamp="2022-06-16T00:37:07 IST">
  <testcase classname="com.TestNG.GroupsNetBanking" name="MobileLoginBanking" time="0.001"/>
  <testcase classname="com.TestNG.GroupsNetBanking" name="WebLoginBanking" time="0.0">
    <ignored/>
  </testcase> <!-- WebLoginBanking -->
</testsuite> <!-- NetBanking -->
