<?xml version="1.0" encoding="UTF-8"?>
<!-- Generated by org.testng.reporters.JUnitXMLReporter -->
<testsuite ignored="0" hostname="DESKTOP-BVNN85Q" failures="1" tests="2" name="RetryTest" time="0.038" errors="0" timestamp="2022-06-16T00:36:57 IST">
  <testcase classname="com.TestNG.RetryTest" name="method1" time="0.008">
    <failure type="java.lang.AssertionError" message="expected [true] but found [false]">
      <![CDATA[java.lang.AssertionError: expected [true] but found [false]
at com.TestNG.RetryTest.method1(RetryTest.java:13)
at java.base/java.util.ArrayList.forEach(ArrayList.java:1511)
... Removed 31 stack frames]]>
    </failure>
  </testcase> <!-- method1 -->
  <testcase classname="com.TestNG.RetryTest" name="method2" time="0.001"/>
</testsuite> <!-- RetryTest -->
