<?xml version="1.0" encoding="UTF-8"?>
<!-- Generated by org.testng.reporters.JUnitXMLReporter -->
<testsuite ignored="2" hostname="DESKTOP-BVNN85Q" failures="0" tests="2" name="SmokeTesting" time="0.034" errors="0" timestamp="2022-06-16T00:34:10 IST">
  <testcase classname="com.TestNG.GroupsFacebookLogin" name="WebLogin" time="0.008"/>
  <testcase classname="com.TestNG.GroupsNetBanking" name="MobileLoginBanking" time="0.001"/>
  <testcase classname="com.TestNG.GroupsNetBanking" name="WebLoginBanking" time="0.0">
    <ignored/>
  </testcase> <!-- WebLoginBanking -->
  <testcase classname="com.TestNG.GroupsFacebookLogin" name="MobileLogin" time="0.0">
    <ignored/>
  </testcase> <!-- MobileLogin -->
</testsuite> <!-- SmokeTesting -->
